[0m[[0m[0mdebug[0m] [0m[0m> Exec(early(addDefaultCommands), None, None)[0m
[0m[[0m[0mdebug[0m] [0m[0m> Exec(addDefaultCommands, None, None)[0m
[0m[[0m[0mdebug[0m] [0m[0m> Exec(early(initialize), None, None)[0m
[0m[[0m[0mdebug[0m] [0m[0m> Exec(initialize, None, None)[0m
[0m[[0m[0mdebug[0m] [0m[0m> Exec(boot, None, None)[0m
[0m[[0m[0mdebug[0m] [0m[0m> Exec(writeSbtVersion, None, None)[0m
[0m[[0m[0mdebug[0m] [0m[0m> Exec(reload, None, None)[0m
[0m[[0m[0mdebug[0m] [0m[0m> Exec(sbtStashOnFailure, None, None)[0m
[0m[[0m[0mdebug[0m] [0m[0m> Exec(onFailure loadFailed, None, None)[0m
[0m[[0m[0mdebug[0m] [0m[0m> Exec(loadp, None, None)[0m
[0m[[0m[0minfo[0m] [0m[0mwelcome to sbt 1.4.6 (AdoptOpenJDK Java 1.8.0_282)[0m
[0m[[0m[0mdebug[0m] [0m[0mLoad.defaultLoad until apply took 1084.9596ms[0m
[0m[[0m[0mdebug[0m] [0m[0m          Load.loadUnit: plugins took 245.3053ms[0m
[0m[[0m[0mdebug[0m] [0m[0m          Load.loadUnit: defsScala took 0.476ms[0m
[0m[[0m[0mdebug[0m] [0m[0m[Loading] Scanning directory C:\Users\ivani\DRONE PRJ\scala-examples\scala-uav-root\project[0m
[0m[[0m[0mdebug[0m] [0m[0m[Loading] Found non-root projects [0m
[0m[[0m[0mdebug[0m] [0m[0m[Loading] Done in C:\Users\ivani\DRONE PRJ\scala-examples\scala-uav-root\project, returning: ()[0m
[0m[[0m[0mdebug[0m] [0m[0mdeducing auto plugins based on known facts Set(Atom(sbt.plugins.CorePlugin)) and clauses Clauses(List(Clause(Atom(sbt.plugins.JvmPlugin),Set(Atom(sbt.plugins.IvyPlugin))), Clause(Atom(sbt.ScriptedPlugin),Set(Atom(sbt.plugins.JvmPlugin))), Clause(Atom(sbt.plugins.SbtPlugin),Set(Atom(sbt.ScriptedPlugin))), Clause(Atom(sbt.plugins.SemanticdbPlugin),Set(Atom(sbt.plugins.JvmPlugin))), Clause(Atom(sbt.plugins.JUnitXmlReportPlugin),Set(Atom(sbt.plugins.JvmPlugin))), Clause(Atom(sbt.plugins.MiniDependencyTreePlugin),Set(Atom(sbt.plugins.JvmPlugin))), Clause(Atom(sbt.plugins.CorePlugin),Set(Atom(sbt.plugins.IvyPlugin))), Clause(Atom(sbt.plugins.IvyPlugin),Set(Atom(sbt.plugins.JvmPlugin))), Clause(Atom(sbt.plugins.JvmPlugin),Set(Atom(sbt.plugins.SemanticdbPlugin))), Clause(Atom(sbt.plugins.JvmPlugin),Set(Atom(sbt.plugins.JUnitXmlReportPlugin))), Clause(Atom(sbt.plugins.CorePlugin),Set(Atom(sbt.plugins.Giter8TemplatePlugin))), Clause(Atom(sbt.plugins.JvmPlugin),Set(Atom(sbt.plugins.MiniDependencyTreePlugin)))))[0m
[0m[[0m[0mdebug[0m] [0m[0m  :: deduced result: Matched(sbt.plugins.CorePlugin,sbt.plugins.Giter8TemplatePlugin,sbt.plugins.IvyPlugin,sbt.plugins.JvmPlugin,sbt.plugins.MiniDependencyTreePlugin,sbt.plugins.JUnitXmlReportPlugin,sbt.plugins.SemanticdbPlugin)[0m
[0m[[0m[0mdebug[0m] [0m[0mPlugins.deducer#function took 19.7869 ms[0m
[0m[[0m[0mdebug[0m] [0m[0m              Load.resolveProject(scala-uav-root-build) took 159.7295ms[0m
[0m[[0m[0mdebug[0m] [0m[0m            Load.loadTransitive: finalizeProject(Project(id scala-uav-root-build, base: C:\Users\ivani\DRONE PRJ\scala-examples\scala-uav-root\project, plugins: List(<none>))) took 277.1983ms[0m
[0m[[0m[0mdebug[0m] [0m[0m[Loading] Done in C:\Users\ivani\DRONE PRJ\scala-examples\scala-uav-root\project, returning: (scala-uav-root-build)[0m
[0m[[0m[0mdebug[0m] [0m[0m          Load.loadUnit: loadedProjectsRaw took 340.5371ms[0m
[0m[[0m[0mdebug[0m] [0m[0m          Load.loadUnit: cleanEvalClasses took 0.5112ms[0m
[0m[[0m[0mdebug[0m] [0m[0m        Load.loadUnit(file:/C:/Users/ivani/DRONE%20PRJ/scala-examples/scala-uav-root/project/, ...) took 595.426ms[0m
[0m[[0m[0mdebug[0m] [0m[0m      Load.apply: load took 1033.5894ms[0m
[0m[[0m[0mdebug[0m] [0m[0m      Load.apply: resolveProjects took 7.0659ms[0m
[0m[[0m[0mdebug[0m] [0m[0m      Load.apply: finalTransforms took 234.1144ms[0m
[0m[[0m[0mdebug[0m] [0m[0m      Load.apply: config.delegates took 6.9588ms[0m
[0m[[0m[0mdebug[0m] [0m[0m      Load.apply: Def.make(settings)... took 2083.6572ms[0m
[0m[[0m[0mdebug[0m] [0m[0m      Load.apply: structureIndex took 481.8486ms[0m
[0m[[0m[0mdebug[0m] [0m[0m      Load.apply: mkStreams took 20.4082ms[0m
[0m[[0m[0minfo[0m] [0m[0mloading project definition from C:\Users\ivani\DRONE PRJ\scala-examples\scala-uav-root\project[0m
[0m[[0m[0mdebug[0m] [0m[0mRunning task... Cancel: Signal, check cycles: false, forcegc: true[0m
[0m[[0m[33mwarn[0m] [0m[0mCanceling execution...[0m
[0m[[0m[33mwarn[0m] [0m[0mCanceling execution...[0m
[0m[[0m[31merror[0m] [0m[0mjava.lang.IllegalStateException: Tried to get values for a closed completion service[0m
[0m[[0m[31merror[0m] [0m[0m	at sbt.ConcurrentRestrictions$$anon$4.take(ConcurrentRestrictions.scala:308)[0m
[0m[[0m[31merror[0m] [0m[0m	at sbt.Execute.next$1(Execute.scala:117)[0m
[0m[[0m[31merror[0m] [0m[0m	at sbt.Execute.processAll(Execute.scala:127)[0m
[0m[[0m[31merror[0m] [0m[0m	at sbt.Execute.runKeep(Execute.scala:95)[0m
[0m[[0m[31merror[0m] [0m[0m	at sbt.EvaluateTask$.liftedTree1$1(EvaluateTask.scala:476)[0m
[0m[[0m[31merror[0m] [0m[0m	at sbt.EvaluateTask$.run$1(EvaluateTask.scala:475)[0m
[0m[[0m[31merror[0m] [0m[0m	at sbt.EvaluateTask$.runTask(EvaluateTask.scala:498)[0m
[0m[[0m[31merror[0m] [0m[0m	at sbt.EvaluateTask$.$anonfun$apply$3(EvaluateTask.scala:345)[0m
[0m[[0m[31merror[0m] [0m[0m	at scala.Option$WithFilter.map(Option.scala:230)[0m
[0m[[0m[31merror[0m] [0m[0m	at sbt.EvaluateTask$.$anonfun$apply$1(EvaluateTask.scala:344)[0m
[0m[[0m[31merror[0m] [0m[0m	at sbt.EvaluateTask$.withStreams(EvaluateTask.scala:388)[0m
[0m[[0m[31merror[0m] [0m[0m	at sbt.EvaluateTask$.apply(EvaluateTask.scala:343)[0m
[0m[[0m[31merror[0m] [0m[0m	at sbt.EvaluateTask$.evalPluginDef(EvaluateTask.scala:304)[0m
[0m[[0m[31merror[0m] [0m[0m	at sbt.internal.Load$.$anonfun$defaultPreGlobal$1(Load.scala:99)[0m
[0m[[0m[31merror[0m] [0m[0m	at sbt.internal.Load$.buildPluginDefinition(Load.scala:1301)[0m
[0m[[0m[31merror[0m] [0m[0m	at sbt.internal.Load$.buildPlugins(Load.scala:1229)[0m
[0m[[0m[31merror[0m] [0m[0m	at sbt.internal.Load$.plugins(Load.scala:1208)[0m
[0m[[0m[31merror[0m] [0m[0m	at sbt.internal.Load$.$anonfun$loadUnit$2(Load.scala:694)[0m
[0m[[0m[31merror[0m] [0m[0m	at sbt.internal.Load$.timed(Load.scala:1382)[0m
[0m[[0m[31merror[0m] [0m[0m	at sbt.internal.Load$.$anonfun$loadUnit$1(Load.scala:694)[0m
[0m[[0m[31merror[0m] [0m[0m	at sbt.internal.Load$.timed(Load.scala:1382)[0m
[0m[[0m[31merror[0m] [0m[0m	at sbt.internal.Load$.loadUnit(Load.scala:688)[0m
[0m[[0m[31merror[0m] [0m[0m	at sbt.internal.Load$.$anonfun$builtinLoader$4(Load.scala:486)[0m
[0m[[0m[31merror[0m] [0m[0m	at sbt.internal.BuildLoader$.$anonfun$componentLoader$5(BuildLoader.scala:180)[0m
[0m[[0m[31merror[0m] [0m[0m	at sbt.internal.BuildLoader.apply(BuildLoader.scala:245)[0m
[0m[[0m[31merror[0m] [0m[0m	at sbt.internal.Load$.loadURI$1(Load.scala:548)[0m
[0m[[0m[31merror[0m] [0m[0m	at sbt.internal.Load$.loadAll(Load.scala:564)[0m
[0m[[0m[31merror[0m] [0m[0m	at sbt.internal.Load$.loadURI(Load.scala:494)[0m
[0m[[0m[31merror[0m] [0m[0m	at sbt.internal.Load$.load(Load.scala:473)[0m
[0m[[0m[31merror[0m] [0m[0m	at sbt.internal.Load$.$anonfun$apply$1(Load.scala:242)[0m
[0m[[0m[31merror[0m] [0m[0m	at sbt.internal.Load$.timed(Load.scala:1382)[0m
[0m[[0m[31merror[0m] [0m[0m	at sbt.internal.Load$.apply(Load.scala:242)[0m
[0m[[0m[31merror[0m] [0m[0m	at sbt.internal.Load$.defaultLoad(Load.scala:55)[0m
[0m[[0m[31merror[0m] [0m[0m	at sbt.BuiltinCommands$.liftedTree1$1(Main.scala:932)[0m
[0m[[0m[31merror[0m] [0m[0m	at sbt.BuiltinCommands$.doLoadProject(Main.scala:932)[0m
[0m[[0m[31merror[0m] [0m[0m	at sbt.BuiltinCommands$.$anonfun$loadProjectImpl$2(Main.scala:885)[0m
[0m[[0m[31merror[0m] [0m[0m	at sbt.Command$.$anonfun$applyEffect$4(Command.scala:150)[0m
[0m[[0m[31merror[0m] [0m[0m	at sbt.Command$.$anonfun$applyEffect$2(Command.scala:145)[0m
[0m[[0m[31merror[0m] [0m[0m	at sbt.Command$.process(Command.scala:189)[0m
[0m[[0m[31merror[0m] [0m[0m	at sbt.MainLoop$.$anonfun$processCommand$5(MainLoop.scala:242)[0m
[0m[[0m[31merror[0m] [0m[0m	at scala.Option.getOrElse(Option.scala:189)[0m
[0m[[0m[31merror[0m] [0m[0m	at sbt.MainLoop$.process$1(MainLoop.scala:242)[0m
[0m[[0m[31merror[0m] [0m[0m	at sbt.MainLoop$.processCommand(MainLoop.scala:268)[0m
[0m[[0m[31merror[0m] [0m[0m	at sbt.MainLoop$.$anonfun$next$5(MainLoop.scala:162)[0m
[0m[[0m[31merror[0m] [0m[0m	at sbt.State$StateOpsImpl$.runCmd$1(State.scala:289)[0m
[0m[[0m[31merror[0m] [0m[0m	at sbt.State$StateOpsImpl$.process$extension(State.scala:325)[0m
[0m[[0m[31merror[0m] [0m[0m	at sbt.MainLoop$.$anonfun$next$4(MainLoop.scala:162)[0m
[0m[[0m[31merror[0m] [0m[0m	at sbt.internal.util.ErrorHandling$.wideConvert(ErrorHandling.scala:23)[0m
[0m[[0m[31merror[0m] [0m[0m	at sbt.MainLoop$.next(MainLoop.scala:162)[0m
[0m[[0m[31merror[0m] [0m[0m	at sbt.MainLoop$.run(MainLoop.scala:143)[0m
[0m[[0m[31merror[0m] [0m[0m	at sbt.MainLoop$.$anonfun$runWithNewLog$1(MainLoop.scala:118)[0m
[0m[[0m[31merror[0m] [0m[0m	at sbt.io.Using.apply(Using.scala:27)[0m
[0m[[0m[31merror[0m] [0m[0m	at sbt.MainLoop$.runWithNewLog(MainLoop.scala:111)[0m
[0m[[0m[31merror[0m] [0m[0m	at sbt.MainLoop$.runAndClearLast(MainLoop.scala:65)[0m
[0m[[0m[31merror[0m] [0m[0m	at sbt.MainLoop$.runLoggedLoop(MainLoop.scala:50)[0m
[0m[[0m[31merror[0m] [0m[0m	at sbt.MainLoop$.runLogged(MainLoop.scala:41)[0m
[0m[[0m[31merror[0m] [0m[0m	at sbt.StandardMain$.runManaged(Main.scala:191)[0m
[0m[[0m[31merror[0m] [0m[0m	at sbt.xMain$.$anonfun$run$8(Main.scala:102)[0m
[0m[[0m[31merror[0m] [0m[0m	at scala.util.DynamicVariable.withValue(DynamicVariable.scala:62)[0m
[0m[[0m[31merror[0m] [0m[0m	at scala.Console$.withIn(Console.scala:230)[0m
[0m[[0m[31merror[0m] [0m[0m	at sbt.internal.util.Terminal$.withIn(Terminal.scala:557)[0m
[0m[[0m[31merror[0m] [0m[0m	at sbt.internal.util.Terminal$.$anonfun$withStreams$1(Terminal.scala:347)[0m
[0m[[0m[31merror[0m] [0m[0m	at scala.util.DynamicVariable.withValue(DynamicVariable.scala:62)[0m
[0m[[0m[31merror[0m] [0m[0m	at scala.Console$.withOut(Console.scala:167)[0m
[0m[[0m[31merror[0m] [0m[0m	at sbt.internal.util.Terminal$.$anonfun$withOut$2(Terminal.scala:547)[0m
[0m[[0m[31merror[0m] [0m[0m	at scala.util.DynamicVariable.withValue(DynamicVariable.scala:62)[0m
[0m[[0m[31merror[0m] [0m[0m	at scala.Console$.withErr(Console.scala:196)[0m
[0m[[0m[31merror[0m] [0m[0m	at sbt.internal.util.Terminal$.withOut(Terminal.scala:547)[0m
[0m[[0m[31merror[0m] [0m[0m	at sbt.internal.util.Terminal$.withStreams(Terminal.scala:347)[0m
[0m[[0m[31merror[0m] [0m[0m	at sbt.xMain$.run(Main.scala:86)[0m
[0m[[0m[31merror[0m] [0m[0m	at sun.reflect.NativeMethodAccessorImpl.invoke0(Native Method)[0m
[0m[[0m[31merror[0m] [0m[0m	at sun.reflect.NativeMethodAccessorImpl.invoke(NativeMethodAccessorImpl.java:62)[0m
[0m[[0m[31merror[0m] [0m[0m	at sun.reflect.DelegatingMethodAccessorImpl.invoke(DelegatingMethodAccessorImpl.java:43)[0m
[0m[[0m[31merror[0m] [0m[0m	at java.lang.reflect.Method.invoke(Method.java:498)[0m
[0m[[0m[31merror[0m] [0m[0m	at sbt.internal.XMainConfiguration.run(XMainConfiguration.scala:83)[0m
[0m[[0m[31merror[0m] [0m[0m	at sbt.xMain.run(Main.scala:46)[0m
[0m[[0m[31merror[0m] [0m[0m	at xsbt.boot.Launch$$anonfun$run$1.apply(Launch.scala:111)[0m
[0m[[0m[31merror[0m] [0m[0m	at xsbt.boot.Launch$.withContextLoader(Launch.scala:131)[0m
[0m[[0m[31merror[0m] [0m[0m	at xsbt.boot.Launch$.run(Launch.scala:111)[0m
[0m[[0m[31merror[0m] [0m[0m	at xsbt.boot.Launch$$anonfun$apply$1.apply(Launch.scala:37)[0m
[0m[[0m[31merror[0m] [0m[0m	at xsbt.boot.Launch$.launch(Launch.scala:120)[0m
[0m[[0m[31merror[0m] [0m[0m	at xsbt.boot.Launch$.apply(Launch.scala:20)[0m
[0m[[0m[31merror[0m] [0m[0m	at xsbt.boot.Boot$.runImpl(Boot.scala:56)[0m
[0m[[0m[31merror[0m] [0m[0m	at xsbt.boot.Boot$.main(Boot.scala:18)[0m
[0m[[0m[31merror[0m] [0m[0m	at xsbt.boot.Boot.main(Boot.scala)[0m
[0m[[0m[31merror[0m] [0m[0mjava.lang.IllegalStateException: Tried to get values for a closed completion service[0m
[0m[[0m[31merror[0m] [0m[0mUse 'last' for the full log.[0m
[0m[[0m[0mdebug[0m] [0m[0m> Exec(loadFailed, None, None)[0m
[0m[[0m[33mwarn[0m] [0m[0mProject loading failed: (r)etry, (q)uit, (l)ast, or (i)gnore? (default: r)[0m
